Using pre-set license
Built from '6000.0/staging' branch; Version is '6000.0.37f1 (090b7797214c) revision 592759'; Using compiler version '193933523'; Build Type 'Release'
OS: 'Windows 11  (10.0.26100) 64bit Professional' Language: 'pt' Physical Memory: 32682 MB
BatchMode: 1, IsHumanControllingUs: 0, StartBugReporterOnCrash: 0, Is64bit: 1, IsPro: 1

COMMAND LINE ARGUMENTS:
C:\Users\User\Documents\appUnity\Unity\Hub\Editor\6000.0.37f1\Editor\Unity.exe
-adb2
-batchMode
-noUpm
-name
AssetImportWorker0
-projectPath
D:/projetos/zelda
-logFile
Logs/AssetImportWorker0.log
-srvPort
63451
-job-worker-count
7
-background-job-worker-count
8
-gc-helper-count
1
Successfully changed project path to: D:/projetos/zelda
D:/projetos/zelda
[UnityMemory] Configuration Parameters - Can be set up in boot.config
    "memorysetup-bucket-allocator-granularity=16"
    "memorysetup-bucket-allocator-bucket-count=8"
    "memorysetup-bucket-allocator-block-size=33554432"
    "memorysetup-bucket-allocator-block-count=8"
    "memorysetup-main-allocator-block-size=16777216"
    "memorysetup-thread-allocator-block-size=16777216"
    "memorysetup-gfx-main-allocator-block-size=16777216"
    "memorysetup-gfx-thread-allocator-block-size=16777216"
    "memorysetup-cache-allocator-block-size=4194304"
    "memorysetup-typetree-allocator-block-size=2097152"
    "memorysetup-profiler-bucket-allocator-granularity=16"
    "memorysetup-profiler-bucket-allocator-bucket-count=8"
    "memorysetup-profiler-bucket-allocator-block-size=33554432"
    "memorysetup-profiler-bucket-allocator-block-count=8"
    "memorysetup-profiler-allocator-block-size=16777216"
    "memorysetup-profiler-editor-allocator-block-size=1048576"
    "memorysetup-temp-allocator-size-main=16777216"
    "memorysetup-job-temp-allocator-block-size=2097152"
    "memorysetup-job-temp-allocator-block-size-background=1048576"
    "memorysetup-job-temp-allocator-reduction-small-platforms=262144"
    "memorysetup-allocator-temp-initial-block-size-main=262144"
    "memorysetup-allocator-temp-initial-block-size-worker=262144"
    "memorysetup-temp-allocator-size-background-worker=32768"
    "memorysetup-temp-allocator-size-job-worker=262144"
    "memorysetup-temp-allocator-size-preload-manager=33554432"
    "memorysetup-temp-allocator-size-nav-mesh-worker=65536"
    "memorysetup-temp-allocator-size-audio-worker=65536"
    "memorysetup-temp-allocator-size-cloud-worker=32768"
    "memorysetup-temp-allocator-size-gi-baking-worker=262144"
    "memorysetup-temp-allocator-size-gi-baking-worker=262144"
    "memorysetup-temp-allocator-size-gi-baking-worker=262144"
    "memorysetup-temp-allocator-size-gi-baking-worker=262144"
    "memorysetup-temp-allocator-size-gi-baking-worker=262144"
    "memorysetup-temp-allocator-size-gfx=262144"
Player connection [22828]  Target information:

Player connection [22828]  * "[IP] 192.168.56.1 [Port] 0 [Flags] 2 [Guid] 1809322854 [EditorId] 1809322854 [Version] 1048832 [Id] WindowsEditor(7,DESKTOP-1RG64VN) [Debug] 1 [PackageName] WindowsEditor [ProjectName] Editor" 

Player connection [22828]  * "[IP] 192.168.0.10 [Port] 0 [Flags] 2 [Guid] 1809322854 [EditorId] 1809322854 [Version] 1048832 [Id] WindowsEditor(7,DESKTOP-1RG64VN) [Debug] 1 [PackageName] WindowsEditor [ProjectName] Editor" 

Player connection [22828] Host joined multi-casting on [225.0.0.222:54997]...
Player connection [22828] Host joined alternative multi-casting on [225.0.0.222:34997]...
JobSystem: Creating JobQueue using job-worker-count value 7
Input System module state changed to: Initialized.
[Physics::Module] Initialized fallback backend.
[Physics::Module] Id: 0xdecafbad
Library Redirect Path: Library/
[Physics::Module] Selected backend.
[Physics::Module] Name: PhysX
[Physics::Module] Id: 0xf2b8ea05
[Physics::Module] SDK Version: 4.1.2
[Physics::Module] Integration Version: 1.0.0
[Physics::Module] Threading Mode: Multi-Threaded
Refreshing native plugins compatible for Editor in 1.88 ms, found 3 plugins.
Preloading 0 native plugins for Editor in 0.00 ms.
Initialize engine version: 6000.0.37f1 (090b7797214c)
[Subsystems] Discovering subsystems at path C:/Users/User/Documents/appUnity/Unity/Hub/Editor/6000.0.37f1/Editor/Data/Resources/UnitySubsystems
[Subsystems] Discovering subsystems at path D:/projetos/zelda/Assets
GfxDevice: creating device client; kGfxThreadingModeNonThreaded
Direct3D:
    Version:  Direct3D 11.0 [level 11.1]
    Renderer: AMD Radeon RX 6600 (ID=0x73ff)
    Vendor:   ATI
    VRAM:     8146 MB
    Driver:   32.0.21001.9024
Initialize mono
Mono path[0] = 'C:/Users/User/Documents/appUnity/Unity/Hub/Editor/6000.0.37f1/Editor/Data/Managed'
Mono path[1] = 'C:/Users/User/Documents/appUnity/Unity/Hub/Editor/6000.0.37f1/Editor/Data/MonoBleedingEdge/lib/mono/unityjit-win32'
Mono config path = 'C:/Users/User/Documents/appUnity/Unity/Hub/Editor/6000.0.37f1/Editor/Data/MonoBleedingEdge/etc'
Using monoOptions --debugger-agent=transport=dt_socket,embedding=1,server=y,suspend=n,address=127.0.0.1:56696
Begin MonoManager ReloadAssembly
Registering precompiled unity dll's ...
Register platform support module: C:/Users/User/Documents/appUnity/Unity/Hub/Editor/6000.0.37f1/Editor/Data/PlaybackEngines/WebGLSupport/UnityEditor.WebGL.Extensions.dll
Register platform support module: C:/Users/User/Documents/appUnity/Unity/Hub/Editor/6000.0.37f1/Editor/Data/PlaybackEngines/WindowsStandaloneSupport/UnityEditor.WindowsStandalone.Extensions.dll
Register platform support module: C:/Users/User/Documents/appUnity/Unity/Hub/Editor/6000.0.37f1/Editor/Data/PlaybackEngines/MetroSupport/UnityEditor.UWP.Extensions.dll
Register platform support module: C:/Users/User/Documents/appUnity/Unity/Hub/Editor/6000.0.37f1/Editor/Data/PlaybackEngines/AndroidPlayer/UnityEditor.Android.Extensions.dll
Registered in 0.006409 seconds.
- Loaded All Assemblies, in  0.450 seconds
Native extension for Android target not found
Android Extension - Scanning For ADB Devices 246 ms
Native extension for UWP target not found
Native extension for WindowsStandalone target not found
Native extension for WebGL target not found
Mono: successfully reloaded assembly
- Finished resetting the current domain, in  0.665 seconds
Domain Reload Profiling: 1110ms
	BeginReloadAssembly (133ms)
		ExecutionOrderSort (0ms)
		DisableScriptedObjects (0ms)
		BackupInstance (0ms)
		ReleaseScriptingObjects (0ms)
		CreateAndSetChildDomain (1ms)
	RebuildCommonClasses (39ms)
	RebuildNativeTypeToScriptingClass (14ms)
	initialDomainReloadingComplete (63ms)
	LoadAllAssembliesAndSetupDomain (196ms)
		LoadAssemblies (131ms)
		RebuildTransferFunctionScriptingTraits (0ms)
		AnalyzeDomain (190ms)
			TypeCache.Refresh (188ms)
				TypeCache.ScanAssembly (170ms)
			BuildScriptInfoCaches (0ms)
			ResolveRequiredComponents (1ms)
	FinalizeReload (665ms)
		ReleaseScriptCaches (0ms)
		RebuildScriptCaches (0ms)
		SetupLoadedEditorAssemblies (612ms)
			LogAssemblyErrors (0ms)
			InitializePlatformSupportModulesInManaged (370ms)
			SetLoadedEditorAssemblies (4ms)
			BeforeProcessingInitializeOnLoad (50ms)
			ProcessInitializeOnLoadAttributes (125ms)
			ProcessInitializeOnLoadMethodAttributes (62ms)
			AfterProcessingInitializeOnLoad (0ms)
			EditorAssembliesLoaded (0ms)
		ExecutionOrderSort2 (0ms)
		AwakeInstancesAfterBackupRestoration (0ms)
========================================================================
Worker process is ready to serve import requests
Import Worker Mode flag is 0x00
Begin MonoManager ReloadAssembly
- Loaded All Assemblies, in  0.866 seconds
'Packages/com.unity.cinemachine/Editor/Obsolete/CinemachineVirtualCameraBaseEditor.cs' contains partial class of Unity.Object, exactly 1 of the partial classes needs to be in a file with the same filename. This is to know the one that can be referenced from ie. GameObjects
'Packages/com.unity.render-pipelines.high-definition/Editor/Wizard/HDWizard.UIElement.cs' contains partial class of Unity.Object, exactly 1 of the partial classes needs to be in a file with the same filename. This is to know the one that can be referenced from ie. GameObjects
'Packages/com.unity.render-pipelines.high-definition/Editor/Wizard/HDWizard.Configuration.cs' contains partial class of Unity.Object, exactly 1 of the partial classes needs to be in a file with the same filename. This is to know the one that can be referenced from ie. GameObjects
'Packages/com.unity.cinemachine/Editor/Editors/CinemachineVirtualCameraBaseEditor.cs' contains partial class of Unity.Object, exactly 1 of the partial classes needs to be in a file with the same filename. This is to know the one that can be referenced from ie. GameObjects
'Packages/com.unity.render-pipelines.high-definition/Editor/Wizard/HDWizard.Window.cs' contains partial class of Unity.Object, exactly 1 of the partial classes needs to be in a file with the same filename. This is to know the one that can be referenced from ie. GameObjects
Refreshing native plugins compatible for Editor in 1.16 ms, found 3 plugins.
Native extension for Android target not found
Native extension for UWP target not found
Native extension for WindowsStandalone target not found
Native extension for WebGL target not found
Package Manager log level set to [2]
[Package Manager] Failed to launch server process. Reason: Unity was launched with the -noUpm command-line argument
[Package Manager] Unable to send message (not connected to server process).
[Package Manager] Cannot connect to Unity Package Manager local server
Mono: successfully reloaded assembly
- Finished resetting the current domain, in  1.025 seconds
Domain Reload Profiling: 1888ms
	BeginReloadAssembly (185ms)
		ExecutionOrderSort (0ms)
		DisableScriptedObjects (5ms)
		BackupInstance (0ms)
		ReleaseScriptingObjects (0ms)
		CreateAndSetChildDomain (34ms)
	RebuildCommonClasses (45ms)
	RebuildNativeTypeToScriptingClass (10ms)
	initialDomainReloadingComplete (42ms)
	LoadAllAssembliesAndSetupDomain (581ms)
		LoadAssemblies (404ms)
		RebuildTransferFunctionScriptingTraits (0ms)
		AnalyzeDomain (293ms)
			TypeCache.Refresh (227ms)
				TypeCache.ScanAssembly (212ms)
			BuildScriptInfoCaches (53ms)
			ResolveRequiredComponents (10ms)
	FinalizeReload (1025ms)
		ReleaseScriptCaches (0ms)
		RebuildScriptCaches (0ms)
		SetupLoadedEditorAssemblies (851ms)
			LogAssemblyErrors (0ms)
			InitializePlatformSupportModulesInManaged (20ms)
			SetLoadedEditorAssemblies (4ms)
			BeforeProcessingInitializeOnLoad (125ms)
			ProcessInitializeOnLoadAttributes (565ms)
			ProcessInitializeOnLoadMethodAttributes (128ms)
			AfterProcessingInitializeOnLoad (8ms)
			EditorAssembliesLoaded (0ms)
		ExecutionOrderSort2 (0ms)
		AwakeInstancesAfterBackupRestoration (6ms)
Launched and connected shader compiler UnityShaderCompiler.exe after 0.01 seconds
Refreshing native plugins compatible for Editor in 1.06 ms, found 3 plugins.
Preloading 0 native plugins for Editor in 0.00 ms.
Unloading 558 Unused Serialized files (Serialized files now loaded: 0)
Unloading 8307 unused Assets / (28.8 MB). Loaded Objects now: 9084.
Memory consumption went from 299.1 MB to 270.2 MB.
Total: 13.172900 ms (FindLiveObjects: 0.817500 ms CreateObjectMapping: 0.358100 ms MarkObjects: 4.986600 ms  DeleteObjects: 7.010000 ms)

========================================================================
Received Import Request.
  Time since last request: 222.796065 seconds.
  path: Assets/tartarugaCouro.fbx
  artifactKey: Guid(551ca29ba7bb92f40928302fc81c9236) Importer(815301076,1909f56bfc062723c751e8b465ee728b)
Start importing Assets/tartarugaCouro.fbx using Guid(551ca29ba7bb92f40928302fc81c9236) Importer(815301076,1909f56bfc062723c751e8b465ee728b) (PreviewImporter) -> (artifact id: 'd2a92e9e6f0e57da5451c887914e755a') in 0.8106739 seconds
Number of updated asset objects reloaded before import = 0Number of asset objects unloaded after import = 392

========================================================================
Received Import Request.
  Time since last request: 155.437028 seconds.
  path: Assets/tartarugaCouro.fbx
  artifactKey: Guid(551ca29ba7bb92f40928302fc81c9236) Importer(815301076,1909f56bfc062723c751e8b465ee728b)
Start importing Assets/tartarugaCouro.fbx using Guid(551ca29ba7bb92f40928302fc81c9236) Importer(815301076,1909f56bfc062723c751e8b465ee728b) (PreviewImporter) -> (artifact id: 'cd6bf30b4d7b09354c9e5b74ceef4ced') in 0.0285535 seconds
Number of updated asset objects reloaded before import = 0Number of asset objects unloaded after import = 63

========================================================================
Received Import Request.
  Time since last request: 149.379719 seconds.
  path: Assets/tartarugaCouro.fbx
  artifactKey: Guid(551ca29ba7bb92f40928302fc81c9236) Importer(815301076,1909f56bfc062723c751e8b465ee728b)
Start importing Assets/tartarugaCouro.fbx using Guid(551ca29ba7bb92f40928302fc81c9236) Importer(815301076,1909f56bfc062723c751e8b465ee728b) (PreviewImporter) -> (artifact id: '550c58dd2d674da5e94d26738bf75e7f') in 0.0265482 seconds
Number of updated asset objects reloaded before import = 0Number of asset objects unloaded after import = 63

========================================================================
Received Import Request.
  Time since last request: 303.888831 seconds.
  path: Assets/tartarugaCouro.fbx
  artifactKey: Guid(551ca29ba7bb92f40928302fc81c9236) Importer(815301076,1909f56bfc062723c751e8b465ee728b)
Start importing Assets/tartarugaCouro.fbx using Guid(551ca29ba7bb92f40928302fc81c9236) Importer(815301076,1909f56bfc062723c751e8b465ee728b) (PreviewImporter) -> (artifact id: '592e46358d2376d0c4ccfcf3e84cef03') in 0.0214242 seconds
Number of updated asset objects reloaded before import = 0Number of asset objects unloaded after import = 63

========================================================================
Received Import Request.
  Time since last request: 0.000019 seconds.
  path: Assets/skin.mat
  artifactKey: Guid(4181020882fda87438138dfc1d7defbd) Importer(815301076,1909f56bfc062723c751e8b465ee728b)
Start importing Assets/skin.mat using Guid(4181020882fda87438138dfc1d7defbd) Importer(815301076,1909f56bfc062723c751e8b465ee728b) (PreviewImporter) -> (artifact id: 'c1c511628682e27a3096831854973d7a') in 0.0058077 seconds
Number of updated asset objects reloaded before import = 0Number of asset objects unloaded after import = 1

========================================================================
Received Import Request.
  Time since last request: 0.000017 seconds.
  path: Assets/eyes.mat
  artifactKey: Guid(c07cc79e163891243b9a57d4dcf8cca1) Importer(815301076,1909f56bfc062723c751e8b465ee728b)
Start importing Assets/eyes.mat using Guid(c07cc79e163891243b9a57d4dcf8cca1) Importer(815301076,1909f56bfc062723c751e8b465ee728b) (PreviewImporter) -> (artifact id: 'cda67bac5ff04007aae1c9cb16a628ee') in 0.0072852 seconds
Number of updated asset objects reloaded before import = 0Number of asset objects unloaded after import = 1

========================================================================
Received Import Request.
  Time since last request: 71.806441 seconds.
  path: Assets/tartarugaCouro.fbx
  artifactKey: Guid(551ca29ba7bb92f40928302fc81c9236) Importer(815301076,1909f56bfc062723c751e8b465ee728b)
Start importing Assets/tartarugaCouro.fbx using Guid(551ca29ba7bb92f40928302fc81c9236) Importer(815301076,1909f56bfc062723c751e8b465ee728b) (PreviewImporter) -> (artifact id: '8137f031d8a93c9978b0de8089034112') in 0.0271499 seconds
Number of updated asset objects reloaded before import = 0Number of asset objects unloaded after import = 63

========================================================================
Received Import Request.
  Time since last request: 22.012801 seconds.
  path: Assets/tartarugaCouro.fbx
  artifactKey: Guid(551ca29ba7bb92f40928302fc81c9236) Importer(815301076,1909f56bfc062723c751e8b465ee728b)
Start importing Assets/tartarugaCouro.fbx using Guid(551ca29ba7bb92f40928302fc81c9236) Importer(815301076,1909f56bfc062723c751e8b465ee728b) (PreviewImporter) -> (artifact id: 'c8f91b9930aa787208bb09084e916c1d') in 0.033599 seconds
Number of updated asset objects reloaded before import = 0Number of asset objects unloaded after import = 64

========================================================================
Received Import Request.
  Time since last request: 49.995672 seconds.
  path: Assets/tartarugaCabecuda.fbx
  artifactKey: Guid(1d76c00a8fd6b6640bc5b9bc1a4ebc2a) Importer(815301076,1909f56bfc062723c751e8b465ee728b)
Start importing Assets/tartarugaCabecuda.fbx using Guid(1d76c00a8fd6b6640bc5b9bc1a4ebc2a) Importer(815301076,1909f56bfc062723c751e8b465ee728b) (PreviewImporter) -> (artifact id: '652ce321644dc5c06c5a80e5445ed349') in 0.0291373 seconds
Number of updated asset objects reloaded before import = 0Number of asset objects unloaded after import = 72

========================================================================
Received Import Request.
  Time since last request: 64.487237 seconds.
  path: Assets/tartarugaCouro.fbx
  artifactKey: Guid(551ca29ba7bb92f40928302fc81c9236) Importer(815301076,1909f56bfc062723c751e8b465ee728b)
Start importing Assets/tartarugaCouro.fbx using Guid(551ca29ba7bb92f40928302fc81c9236) Importer(815301076,1909f56bfc062723c751e8b465ee728b) (PreviewImporter) -> (artifact id: '828f2455ec705b21812bdbf7af65520e') in 0.0261155 seconds
Number of updated asset objects reloaded before import = 0Number of asset objects unloaded after import = 63

========================================================================
Received Import Request.
  Time since last request: 32.053799 seconds.
  path: Assets/tartarugaCouro 1.fbx
  artifactKey: Guid(2305270fc6d704a4c90111306fa7928d) Importer(815301076,1909f56bfc062723c751e8b465ee728b)
Start importing Assets/tartarugaCouro 1.fbx using Guid(2305270fc6d704a4c90111306fa7928d) Importer(815301076,1909f56bfc062723c751e8b465ee728b) (PreviewImporter) -> (artifact id: 'edb72555ecd9abef72d84ef6ea728666') in 0.0308714 seconds
Number of updated asset objects reloaded before import = 0Number of asset objects unloaded after import = 63

========================================================================
Received Import Request.
  Time since last request: 166.204764 seconds.
  path: Assets/tartarugaCabecuda.fbx
  artifactKey: Guid(1d76c00a8fd6b6640bc5b9bc1a4ebc2a) Importer(815301076,1909f56bfc062723c751e8b465ee728b)
Start importing Assets/tartarugaCabecuda.fbx using Guid(1d76c00a8fd6b6640bc5b9bc1a4ebc2a) Importer(815301076,1909f56bfc062723c751e8b465ee728b) (PreviewImporter) -> (artifact id: 'c73a58b1f2ae81f9abb1df170acc3f38') in 0.0205796 seconds
Number of updated asset objects reloaded before import = 0Number of asset objects unloaded after import = 72

========================================================================
Received Import Request.
  Time since last request: 0.000019 seconds.
  path: Assets/skin.mat
  artifactKey: Guid(4181020882fda87438138dfc1d7defbd) Importer(815301076,1909f56bfc062723c751e8b465ee728b)
Start importing Assets/skin.mat using Guid(4181020882fda87438138dfc1d7defbd) Importer(815301076,1909f56bfc062723c751e8b465ee728b) (PreviewImporter) -> (artifact id: 'b25e901d1cc61e7c9b88b441adee7ec1') in 0.0057189 seconds
Number of updated asset objects reloaded before import = 0Number of asset objects unloaded after import = 1

========================================================================
Received Import Request.
  Time since last request: 7.825202 seconds.
  path: Assets/Tree_Textures/diffuse.png
  artifactKey: Guid(46d9e5afbe443e44f886fb6662ff9c6e) Importer(815301076,1909f56bfc062723c751e8b465ee728b)
Start importing Assets/Tree_Textures/diffuse.png using Guid(46d9e5afbe443e44f886fb6662ff9c6e) Importer(815301076,1909f56bfc062723c751e8b465ee728b) (PreviewImporter) -> (artifact id: '638d48420787f6353005c8b1f55169d3') in 0.0207388 seconds
Number of updated asset objects reloaded before import = 0Number of asset objects unloaded after import = 2

========================================================================
Received Import Request.
  Time since last request: 0.195861 seconds.
  path: Assets/TextMesh Pro/Resources/Fonts & Materials/LiberationSans SDF.asset
  artifactKey: Guid(8f586378b4e144a9851e7b34d9b748ee) Importer(815301076,1909f56bfc062723c751e8b465ee728b)
Start importing Assets/TextMesh Pro/Resources/Fonts & Materials/LiberationSans SDF.asset using Guid(8f586378b4e144a9851e7b34d9b748ee) Importer(815301076,1909f56bfc062723c751e8b465ee728b) (PreviewImporter) -> (artifact id: '9c5b86586f91fbab81d2453331879c8f') in 0.0334736 seconds
Number of updated asset objects reloaded before import = 0Number of asset objects unloaded after import = 9

========================================================================
Received Import Request.
  Time since last request: 0.000021 seconds.
  path: Assets/Tree_Textures/shadow.png
  artifactKey: Guid(6fad3fee0872c6841a606fec2c1b9660) Importer(815301076,1909f56bfc062723c751e8b465ee728b)
Start importing Assets/Tree_Textures/shadow.png using Guid(6fad3fee0872c6841a606fec2c1b9660) Importer(815301076,1909f56bfc062723c751e8b465ee728b) (PreviewImporter) -> (artifact id: 'cf260e34c2f2bdb635834946a26129e8') in 0.0055064 seconds
Number of updated asset objects reloaded before import = 0Number of asset objects unloaded after import = 2

========================================================================
Received Import Request.
  Time since last request: 1.560903 seconds.
  path: Assets/Tree_Textures/translucency_gloss.png
  artifactKey: Guid(f34a62ef0847b5c419abed74ab9457fa) Importer(815301076,1909f56bfc062723c751e8b465ee728b)
Start importing Assets/Tree_Textures/translucency_gloss.png using Guid(f34a62ef0847b5c419abed74ab9457fa) Importer(815301076,1909f56bfc062723c751e8b465ee728b) (PreviewImporter) -> (artifact id: '261ef0735dfe721262917c3e06d0e566') in 0.0057076 seconds
Number of updated asset objects reloaded before import = 0Number of asset objects unloaded after import = 2

========================================================================
Received Import Request.
  Time since last request: 242.090525 seconds.
  path: Assets/tartarugaCouro.fbx
  artifactKey: Guid(551ca29ba7bb92f40928302fc81c9236) Importer(815301076,1909f56bfc062723c751e8b465ee728b)
Start importing Assets/tartarugaCouro.fbx using Guid(551ca29ba7bb92f40928302fc81c9236) Importer(815301076,1909f56bfc062723c751e8b465ee728b) (PreviewImporter) -> (artifact id: '532e513a967244a62d813ccc6ca1f10b') in 0.0279393 seconds
Number of updated asset objects reloaded before import = 0Number of asset objects unloaded after import = 63

========================================================================
Received Import Request.
  Time since last request: 16.004805 seconds.
  path: Assets/tartarugaCabecuda.fbx
  artifactKey: Guid(1d76c00a8fd6b6640bc5b9bc1a4ebc2a) Importer(815301076,1909f56bfc062723c751e8b465ee728b)
Start importing Assets/tartarugaCabecuda.fbx using Guid(1d76c00a8fd6b6640bc5b9bc1a4ebc2a) Importer(815301076,1909f56bfc062723c751e8b465ee728b) (PreviewImporter) -> (artifact id: '7e67674d360d8f5dd0127d0190ea5650') in 0.0258524 seconds
Number of updated asset objects reloaded before import = 0Number of asset objects unloaded after import = 72

========================================================================
Received Import Request.
  Time since last request: 11.546019 seconds.
  path: Assets/tartarugaCabecuda.fbx
  artifactKey: Guid(1d76c00a8fd6b6640bc5b9bc1a4ebc2a) Importer(815301076,1909f56bfc062723c751e8b465ee728b)
Start importing Assets/tartarugaCabecuda.fbx using Guid(1d76c00a8fd6b6640bc5b9bc1a4ebc2a) Importer(815301076,1909f56bfc062723c751e8b465ee728b) (PreviewImporter) -> (artifact id: '4a7835fd62f29e0e7068c1dc544532ff') in 0.0294929 seconds
Number of updated asset objects reloaded before import = 0Number of asset objects unloaded after import = 73

========================================================================
Received Import Request.
  Time since last request: 32.216466 seconds.
  path: Assets/tartarugaOliva.fbx
  artifactKey: Guid(c57aa3c1d7ec5b54196c75024d098c31) Importer(815301076,1909f56bfc062723c751e8b465ee728b)
Start importing Assets/tartarugaOliva.fbx using Guid(c57aa3c1d7ec5b54196c75024d098c31) Importer(815301076,1909f56bfc062723c751e8b465ee728b) (PreviewImporter) -> (artifact id: 'cdbda68d553c12cba72e245c10b2eec2') in 0.028559 seconds
Number of updated asset objects reloaded before import = 0Number of asset objects unloaded after import = 72

========================================================================
Received Import Request.
  Time since last request: 26.236394 seconds.
  path: Assets/tartarugaOliva.fbx
  artifactKey: Guid(c57aa3c1d7ec5b54196c75024d098c31) Importer(815301076,1909f56bfc062723c751e8b465ee728b)
Start importing Assets/tartarugaOliva.fbx using Guid(c57aa3c1d7ec5b54196c75024d098c31) Importer(815301076,1909f56bfc062723c751e8b465ee728b) (PreviewImporter) -> (artifact id: '8a6d2387477fd12504309abc9d1cf663') in 0.0354685 seconds
Number of updated asset objects reloaded before import = 0Number of asset objects unloaded after import = 73

========================================================================
Received Import Request.
  Time since last request: 19.724152 seconds.
  path: Assets/tartarugaPente.fbx
  artifactKey: Guid(db79815deb662b74e841d38771955ba8) Importer(815301076,1909f56bfc062723c751e8b465ee728b)
Start importing Assets/tartarugaPente.fbx using Guid(db79815deb662b74e841d38771955ba8) Importer(815301076,1909f56bfc062723c751e8b465ee728b) (PreviewImporter) -> (artifact id: '0fb32d3050b3690b6460e94e7fa8c6aa') in 0.02596 seconds
Number of updated asset objects reloaded before import = 0Number of asset objects unloaded after import = 72

========================================================================
Received Import Request.
  Time since last request: 35.668896 seconds.
  path: Assets/tartarugaPente.fbx
  artifactKey: Guid(db79815deb662b74e841d38771955ba8) Importer(815301076,1909f56bfc062723c751e8b465ee728b)
Start importing Assets/tartarugaPente.fbx using Guid(db79815deb662b74e841d38771955ba8) Importer(815301076,1909f56bfc062723c751e8b465ee728b) (PreviewImporter) -> (artifact id: '6a76b12cfae5cf1c34fa85ef60ca4d8b') in 0.0307087 seconds
Number of updated asset objects reloaded before import = 0Number of asset objects unloaded after import = 73

========================================================================
Received Import Request.
  Time since last request: 64.569428 seconds.
  path: Assets/tartarugaVerde.fbx
  artifactKey: Guid(096b3c976b3c07f4c8a9f094226b29be) Importer(815301076,1909f56bfc062723c751e8b465ee728b)
Start importing Assets/tartarugaVerde.fbx using Guid(096b3c976b3c07f4c8a9f094226b29be) Importer(815301076,1909f56bfc062723c751e8b465ee728b) (PreviewImporter) -> (artifact id: 'acc117aac020a215d96150f1d4a9ef76') in 0.0268927 seconds
Number of updated asset objects reloaded before import = 0Number of asset objects unloaded after import = 72

========================================================================
Received Import Request.
  Time since last request: 19.283308 seconds.
  path: Assets/tartarugaVerde.fbx
  artifactKey: Guid(096b3c976b3c07f4c8a9f094226b29be) Importer(815301076,1909f56bfc062723c751e8b465ee728b)
Start importing Assets/tartarugaVerde.fbx using Guid(096b3c976b3c07f4c8a9f094226b29be) Importer(815301076,1909f56bfc062723c751e8b465ee728b) (PreviewImporter) -> (artifact id: 'b317101c15424e1135c500d921983a59') in 0.0330564 seconds
Number of updated asset objects reloaded before import = 0Number of asset objects unloaded after import = 73

========================================================================
Received Import Request.
  Time since last request: 0.000018 seconds.
  path: Assets/tartarugaVerde.png
  artifactKey: Guid(849b4b8c34272c64680fb7f2f08b6873) Importer(815301076,1909f56bfc062723c751e8b465ee728b)
Start importing Assets/tartarugaVerde.png using Guid(849b4b8c34272c64680fb7f2f08b6873) Importer(815301076,1909f56bfc062723c751e8b465ee728b) (PreviewImporter) -> (artifact id: 'cb475f32fd8687741c2d86e51eb453fd') in 0.0063925 seconds
Number of updated asset objects reloaded before import = 0Number of asset objects unloaded after import = 2

